  [1m[35m (276.3ms)[0m  [1m[35mCREATE DATABASE "bookstore_development" ENCODING = 'unicode'[0m
  [1m[35m (84.8ms)[0m  [1m[35mCREATE DATABASE "bookstore_test" ENCODING = 'unicode'[0m
  [1m[35m (9.1ms)[0m  [1m[35mCREATE TABLE "schema_migrations" ("version" character varying NOT NULL PRIMARY KEY)[0m
  [1m[35m (4.5ms)[0m  [1m[35mCREATE TABLE "ar_internal_metadata" ("key" character varying NOT NULL PRIMARY KEY, "value" character varying, "created_at" timestamp(6) NOT NULL, "updated_at" timestamp(6) NOT NULL)[0m
  [1m[35m (0.9ms)[0m  [1m[34mSELECT pg_try_advisory_lock(3886713595328386830)[0m
  [1m[36mActiveRecord::SchemaMigration Pluck (0.7ms)[0m  [1m[34mSELECT "schema_migrations"."version" FROM "schema_migrations" ORDER BY "schema_migrations"."version" ASC[0m
Migrating to CreateAuthors (20220419182113)
  [1m[36mTRANSACTION (0.3ms)[0m  [1m[35mBEGIN[0m
  [1m[35m (6.3ms)[0m  [1m[35mCREATE TABLE "authors" ("id" bigserial primary key, "name" character varying, "created_at" timestamp(6) NOT NULL, "updated_at" timestamp(6) NOT NULL)[0m
  [1m[36mActiveRecord::SchemaMigration Create (0.6ms)[0m  [1m[32mINSERT INTO "schema_migrations" ("version") VALUES ($1) RETURNING "version"[0m  [["version", "20220419182113"]]
  [1m[36mTRANSACTION (1.2ms)[0m  [1m[35mCOMMIT[0m
Migrating to CreateBooks (20220419182209)
  [1m[36mTRANSACTION (0.5ms)[0m  [1m[35mBEGIN[0m
  [1m[35m (6.7ms)[0m  [1m[35mCREATE TABLE "books" ("id" bigserial primary key, "title" character varying, "author_id" bigint NOT NULL, "created_at" timestamp(6) NOT NULL, "updated_at" timestamp(6) NOT NULL, CONSTRAINT "fk_rails_53d51ce16a"
FOREIGN KEY ("author_id")
  REFERENCES "authors" ("id")
)[0m
  [1m[35m (2.6ms)[0m  [1m[35mCREATE INDEX "index_books_on_author_id" ON "books" ("author_id")[0m
  [1m[36mActiveRecord::SchemaMigration Create (0.4ms)[0m  [1m[32mINSERT INTO "schema_migrations" ("version") VALUES ($1) RETURNING "version"[0m  [["version", "20220419182209"]]
  [1m[36mTRANSACTION (1.0ms)[0m  [1m[35mCOMMIT[0m
  [1m[36mActiveRecord::InternalMetadata Load (0.6ms)[0m  [1m[34mSELECT "ar_internal_metadata".* FROM "ar_internal_metadata" WHERE "ar_internal_metadata"."key" = $1 LIMIT $2[0m  [["key", "environment"], ["LIMIT", 1]]
  [1m[36mTRANSACTION (0.3ms)[0m  [1m[35mBEGIN[0m
  [1m[36mActiveRecord::InternalMetadata Create (0.6ms)[0m  [1m[32mINSERT INTO "ar_internal_metadata" ("key", "value", "created_at", "updated_at") VALUES ($1, $2, $3, $4) RETURNING "key"[0m  [["key", "environment"], ["value", "development"], ["created_at", "2022-12-01 12:52:18.581832"], ["updated_at", "2022-12-01 12:52:18.581832"]]
  [1m[36mTRANSACTION (1.0ms)[0m  [1m[35mCOMMIT[0m
  [1m[35m (0.4ms)[0m  [1m[34mSELECT pg_advisory_unlock(3886713595328386830)[0m
  [1m[36mActiveRecord::SchemaMigration Pluck (0.7ms)[0m  [1m[34mSELECT "schema_migrations"."version" FROM "schema_migrations" ORDER BY "schema_migrations"."version" ASC[0m
  [1m[36mActiveRecord::SchemaMigration Pluck (0.6ms)[0m  [1m[34mSELECT "schema_migrations"."version" FROM "schema_migrations" ORDER BY "schema_migrations"."version" ASC[0m
  [1m[36mBook Load (0.7ms)[0m  [1m[34mSELECT "books".* FROM "books"[0m
  [1m[36mAuthor Load (0.5ms)[0m  [1m[34mSELECT "authors".* FROM "authors"[0m
  [1m[36mTRANSACTION (0.3ms)[0m  [1m[35mBEGIN[0m
  [1m[36mAuthor Create (0.6ms)[0m  [1m[32mINSERT INTO "authors" ("name", "created_at", "updated_at") VALUES ($1, $2, $3) RETURNING "id"[0m  [["name", "Regenia Brekke"], ["created_at", "2022-12-01 12:52:20.344028"], ["updated_at", "2022-12-01 12:52:20.344028"]]
  [1m[36mTRANSACTION (1.0ms)[0m  [1m[35mCOMMIT[0m
  [1m[36mTRANSACTION (0.3ms)[0m  [1m[35mBEGIN[0m
  [1m[36mBook Exists? (0.7ms)[0m  [1m[34mSELECT 1 AS one FROM "books" WHERE "books"."title" = $1 AND "books"."author_id" = $2 LIMIT $3[0m  [["title", "O Jerusalem!"], ["author_id", 1], ["LIMIT", 1]]
  [1m[36mBook Create (1.0ms)[0m  [1m[32mINSERT INTO "books" ("title", "author_id", "created_at", "updated_at") VALUES ($1, $2, $3, $4) RETURNING "id"[0m  [["title", "O Jerusalem!"], ["author_id", 1], ["created_at", "2022-12-01 12:52:20.370378"], ["updated_at", "2022-12-01 12:52:20.370378"]]
  [1m[36mTRANSACTION (1.0ms)[0m  [1m[35mCOMMIT[0m
  [1m[36mTRANSACTION (0.3ms)[0m  [1m[35mBEGIN[0m
  [1m[36mAuthor Create (0.4ms)[0m  [1m[32mINSERT INTO "authors" ("name", "created_at", "updated_at") VALUES ($1, $2, $3) RETURNING "id"[0m  [["name", "Dr. Esteban Satterfield"], ["created_at", "2022-12-01 12:52:20.375995"], ["updated_at", "2022-12-01 12:52:20.375995"]]
  [1m[36mTRANSACTION (0.9ms)[0m  [1m[35mCOMMIT[0m
  [1m[36mTRANSACTION (0.3ms)[0m  [1m[35mBEGIN[0m
  [1m[36mBook Exists? (0.4ms)[0m  [1m[34mSELECT 1 AS one FROM "books" WHERE "books"."title" = $1 AND "books"."author_id" = $2 LIMIT $3[0m  [["title", "To Your Scattered Bodies Go"], ["author_id", 2], ["LIMIT", 1]]
  [1m[36mBook Create (0.6ms)[0m  [1m[32mINSERT INTO "books" ("title", "author_id", "created_at", "updated_at") VALUES ($1, $2, $3, $4) RETURNING "id"[0m  [["title", "To Your Scattered Bodies Go"], ["author_id", 2], ["created_at", "2022-12-01 12:52:20.384979"], ["updated_at", "2022-12-01 12:52:20.384979"]]
  [1m[36mTRANSACTION (1.0ms)[0m  [1m[35mCOMMIT[0m
  [1m[36mTRANSACTION (0.6ms)[0m  [1m[35mBEGIN[0m
  [1m[36mAuthor Create (0.6ms)[0m  [1m[32mINSERT INTO "authors" ("name", "created_at", "updated_at") VALUES ($1, $2, $3) RETURNING "id"[0m  [["name", "Denna Lang"], ["created_at", "2022-12-01 12:52:20.390491"], ["updated_at", "2022-12-01 12:52:20.390491"]]
  [1m[36mTRANSACTION (1.1ms)[0m  [1m[35mCOMMIT[0m
  [1m[36mTRANSACTION (0.3ms)[0m  [1m[35mBEGIN[0m
  [1m[36mBook Exists? (0.4ms)[0m  [1m[34mSELECT 1 AS one FROM "books" WHERE "books"."title" = $1 AND "books"."author_id" = $2 LIMIT $3[0m  [["title", "The Daffodil Sky"], ["author_id", 3], ["LIMIT", 1]]
  [1m[36mBook Create (0.5ms)[0m  [1m[32mINSERT INTO "books" ("title", "author_id", "created_at", "updated_at") VALUES ($1, $2, $3, $4) RETURNING "id"[0m  [["title", "The Daffodil Sky"], ["author_id", 3], ["created_at", "2022-12-01 12:52:20.401688"], ["updated_at", "2022-12-01 12:52:20.401688"]]
  [1m[36mTRANSACTION (1.1ms)[0m  [1m[35mCOMMIT[0m
  [1m[36mTRANSACTION (0.4ms)[0m  [1m[35mBEGIN[0m
  [1m[36mAuthor Create (0.4ms)[0m  [1m[32mINSERT INTO "authors" ("name", "created_at", "updated_at") VALUES ($1, $2, $3) RETURNING "id"[0m  [["name", "Malena Turner"], ["created_at", "2022-12-01 12:52:20.406497"], ["updated_at", "2022-12-01 12:52:20.406497"]]
  [1m[36mTRANSACTION (1.1ms)[0m  [1m[35mCOMMIT[0m
  [1m[36mTRANSACTION (0.3ms)[0m  [1m[35mBEGIN[0m
  [1m[36mBook Exists? (0.5ms)[0m  [1m[34mSELECT 1 AS one FROM "books" WHERE "books"."title" = $1 AND "books"."author_id" = $2 LIMIT $3[0m  [["title", "The Proper Study"], ["author_id", 4], ["LIMIT", 1]]
  [1m[36mBook Create (0.6ms)[0m  [1m[32mINSERT INTO "books" ("title", "author_id", "created_at", "updated_at") VALUES ($1, $2, $3, $4) RETURNING "id"[0m  [["title", "The Proper Study"], ["author_id", 4], ["created_at", "2022-12-01 12:52:20.415643"], ["updated_at", "2022-12-01 12:52:20.415643"]]
  [1m[36mTRANSACTION (1.0ms)[0m  [1m[35mCOMMIT[0m
  [1m[36mTRANSACTION (0.3ms)[0m  [1m[35mBEGIN[0m
  [1m[36mAuthor Create (0.6ms)[0m  [1m[32mINSERT INTO "authors" ("name", "created_at", "updated_at") VALUES ($1, $2, $3) RETURNING "id"[0m  [["name", "Elina Feeney"], ["created_at", "2022-12-01 12:52:20.420803"], ["updated_at", "2022-12-01 12:52:20.420803"]]
  [1m[36mTRANSACTION (1.2ms)[0m  [1m[35mCOMMIT[0m
  [1m[36mTRANSACTION (0.3ms)[0m  [1m[35mBEGIN[0m
  [1m[36mBook Exists? (0.6ms)[0m  [1m[34mSELECT 1 AS one FROM "books" WHERE "books"."title" = $1 AND "books"."author_id" = $2 LIMIT $3[0m  [["title", "The Moon by Night"], ["author_id", 5], ["LIMIT", 1]]
  [1m[36mBook Create (0.5ms)[0m  [1m[32mINSERT INTO "books" ("title", "author_id", "created_at", "updated_at") VALUES ($1, $2, $3, $4) RETURNING "id"[0m  [["title", "The Moon by Night"], ["author_id", 5], ["created_at", "2022-12-01 12:52:20.432405"], ["updated_at", "2022-12-01 12:52:20.432405"]]
  [1m[36mTRANSACTION (1.0ms)[0m  [1m[35mCOMMIT[0m
Started GET "/" for 127.0.0.1 at 2022-12-01 09:52:33 -0300
  [1m[36mActiveRecord::SchemaMigration Pluck (0.8ms)[0m  [1m[34mSELECT "schema_migrations"."version" FROM "schema_migrations" ORDER BY "schema_migrations"."version" ASC[0m
Processing by BooksController#index as HTML
  Rendering layout layouts/application.html.erb
  Rendering books/index.html.erb within layouts/application
  [1m[36mBook Load (1.5ms)[0m  [1m[34mSELECT "books".* FROM "books"[0m
  ↳ app/views/books/index.html.erb:4
  [1m[36mAuthor Load (0.5ms)[0m  [1m[34mSELECT "authors".* FROM "authors" WHERE "authors"."id" = $1 LIMIT $2[0m  [["id", 1], ["LIMIT", 1]]
  ↳ app/views/books/index.html.erb:6
  [1m[36mAuthor Load (0.6ms)[0m  [1m[34mSELECT "authors".* FROM "authors" WHERE "authors"."id" = $1 LIMIT $2[0m  [["id", 2], ["LIMIT", 1]]
  ↳ app/views/books/index.html.erb:6
  [1m[36mAuthor Load (0.6ms)[0m  [1m[34mSELECT "authors".* FROM "authors" WHERE "authors"."id" = $1 LIMIT $2[0m  [["id", 3], ["LIMIT", 1]]
  ↳ app/views/books/index.html.erb:6
  [1m[36mAuthor Load (0.8ms)[0m  [1m[34mSELECT "authors".* FROM "authors" WHERE "authors"."id" = $1 LIMIT $2[0m  [["id", 4], ["LIMIT", 1]]
  ↳ app/views/books/index.html.erb:6
  [1m[36mAuthor Load (0.7ms)[0m  [1m[34mSELECT "authors".* FROM "authors" WHERE "authors"."id" = $1 LIMIT $2[0m  [["id", 5], ["LIMIT", 1]]
  ↳ app/views/books/index.html.erb:6
  Rendered books/index.html.erb within layouts/application (Duration: 98.8ms | Allocations: 14973)
  Rendered layout layouts/application.html.erb (Duration: 10951.2ms | Allocations: 169360)
Completed 500 Internal Server Error in 10988ms (ActiveRecord: 17.5ms | Allocations: 175644)


  
ActionView::Template::Error (The asset "application.js" is not present in the asset pipeline.
):
     7:     <%= csp_meta_tag %>
     8: 
     9:     <%= stylesheet_link_tag "application", "data-turbo-track": "reload" %>
    10:     <%= javascript_include_tag "application", "data-turbo-track": "reload", defer: true %>
    11:   </head>
    12: 
    13:   <body>
  
app/views/layouts/application.html.erb:10
Started GET "/" for 127.0.0.1 at 2022-12-01 09:54:50 -0300
  [1m[36mActiveRecord::SchemaMigration Pluck (0.7ms)[0m  [1m[34mSELECT "schema_migrations"."version" FROM "schema_migrations" ORDER BY "schema_migrations"."version" ASC[0m
Processing by BooksController#index as HTML
  Rendering layout layouts/application.html.erb
  Rendering books/index.html.erb within layouts/application
  [1m[36mBook Load (0.7ms)[0m  [1m[34mSELECT "books".* FROM "books"[0m
  ↳ app/views/books/index.html.erb:4
  [1m[36mAuthor Load (0.4ms)[0m  [1m[34mSELECT "authors".* FROM "authors" WHERE "authors"."id" = $1 LIMIT $2[0m  [["id", 1], ["LIMIT", 1]]
  ↳ app/views/books/index.html.erb:6
  [1m[36mAuthor Load (0.5ms)[0m  [1m[34mSELECT "authors".* FROM "authors" WHERE "authors"."id" = $1 LIMIT $2[0m  [["id", 2], ["LIMIT", 1]]
  ↳ app/views/books/index.html.erb:6
  [1m[36mAuthor Load (0.6ms)[0m  [1m[34mSELECT "authors".* FROM "authors" WHERE "authors"."id" = $1 LIMIT $2[0m  [["id", 3], ["LIMIT", 1]]
  ↳ app/views/books/index.html.erb:6
  [1m[36mAuthor Load (0.6ms)[0m  [1m[34mSELECT "authors".* FROM "authors" WHERE "authors"."id" = $1 LIMIT $2[0m  [["id", 4], ["LIMIT", 1]]
  ↳ app/views/books/index.html.erb:6
  [1m[36mAuthor Load (0.7ms)[0m  [1m[34mSELECT "authors".* FROM "authors" WHERE "authors"."id" = $1 LIMIT $2[0m  [["id", 5], ["LIMIT", 1]]
  ↳ app/views/books/index.html.erb:6
  Rendered books/index.html.erb within layouts/application (Duration: 56.8ms | Allocations: 14401)
  Rendered layout layouts/application.html.erb (Duration: 345.5ms | Allocations: 69208)
Completed 200 OK in 368ms (Views: 335.8ms | ActiveRecord: 13.7ms | Allocations: 74299)


Started GET "/" for 127.0.0.1 at 2022-12-01 09:59:51 -0300
  [1m[36mActiveRecord::SchemaMigration Pluck (1.1ms)[0m  [1m[34mSELECT "schema_migrations"."version" FROM "schema_migrations" ORDER BY "schema_migrations"."version" ASC[0m
Processing by BooksController#index as HTML
  Rendering layout layouts/application.html.erb
  Rendering books/index.html.erb within layouts/application
  [1m[36mBook Load (1.0ms)[0m  [1m[34mSELECT "books".* FROM "books"[0m
  ↳ app/views/books/index.html.erb:4
  [1m[36mAuthor Load (0.7ms)[0m  [1m[34mSELECT "authors".* FROM "authors" WHERE "authors"."id" IN ($1, $2, $3, $4, $5)[0m  [["id", 1], ["id", 2], ["id", 3], ["id", 4], ["id", 5]]
  ↳ app/views/books/index.html.erb:4
  Rendered books/index.html.erb within layouts/application (Duration: 55.2ms | Allocations: 11908)
  Rendered layout layouts/application.html.erb (Duration: 263.8ms | Allocations: 55243)
Completed 200 OK in 290ms (Views: 257.9ms | ActiveRecord: 11.0ms | Allocations: 60432)


